<?xml version="1.0" encoding="UTF-8"?>
<testsuite name="threesolid.TestWorker" tests="1" skipped="0" failures="0" errors="0" timestamp="2018-10-25T00:06:25" hostname="LAPTOP-QU43NSQP" time="0.01">
  <properties/>
  <testcase name="testWorkerWithNoName()" classname="threesolid.TestWorker" time="0.01"/>
  <system-out><![CDATA[]]></system-out>
  <system-err><![CDATA[]]></system-err>
</testsuite>
